ERROR - 2026-07-20 06:40:22 --> Error connecting to the database: mysqli_sql_exception: No such file or directory in /home/rovatians/Documents/ITU/S4/SI/finalS4_v1/system/Database/MySQLi/Connection.php:201
Stack trace:
#0 /home/rovatians/Documents/ITU/S4/SI/finalS4_v1/system/Database/MySQLi/Connection.php(201): mysqli->real_connect()
#1 /home/rovatians/Documents/ITU/S4/SI/finalS4_v1/system/Database/BaseConnection.php(555): CodeIgniter\Database\MySQLi\Connection->connect()
#2 /home/rovatians/Documents/ITU/S4/SI/finalS4_v1/system/Database/BaseConnection.php(795): CodeIgniter\Database\BaseConnection->initialize()
#3 /home/rovatians/Documents/ITU/S4/SI/finalS4_v1/system/Database/BaseConnection.php(1706): CodeIgniter\Database\BaseConnection->query()
#4 /home/rovatians/Documents/ITU/S4/SI/finalS4_v1/system/Database/BaseConnection.php(1726): CodeIgniter\Database\BaseConnection->listTables()
#5 /home/rovatians/Documents/ITU/S4/SI/finalS4_v1/system/Database/MigrationRunner.php(821): CodeIgniter\Database\BaseConnection->tableExists()
#6 /home/rovatians/Documents/ITU/S4/SI/finalS4_v1/system/Database/MigrationRunner.php(173): CodeIgniter\Database\MigrationRunner->ensureTable()
#7 /home/rovatians/Documents/ITU/S4/SI/finalS4_v1/system/Commands/Database/Migrate.php(89): CodeIgniter\Database\MigrationRunner->latest()
#8 /home/rovatians/Documents/ITU/S4/SI/finalS4_v1/system/CLI/SignalTrait.php(245): CodeIgniter\Commands\Database\Migrate::CodeIgniter\Commands\Database\{closure}()
#9 /home/rovatians/Documents/ITU/S4/SI/finalS4_v1/system/Commands/Database/Migrate.php(88): CodeIgniter\Commands\Database\Migrate->withSignalsBlocked()
#10 /home/rovatians/Documents/ITU/S4/SI/finalS4_v1/system/CLI/Commands.php(74): CodeIgniter\Commands\Database\Migrate->run()
#11 /home/rovatians/Documents/ITU/S4/SI/finalS4_v1/system/CLI/Console.php(47): CodeIgniter\CLI\Commands->run()
#12 /home/rovatians/Documents/ITU/S4/SI/finalS4_v1/system/Boot.php(442): CodeIgniter\CLI\Console->run()
#13 /home/rovatians/Documents/ITU/S4/SI/finalS4_v1/system/Boot.php(166): CodeIgniter\Boot::runCommand()
#14 /home/rovatians/Documents/ITU/S4/SI/finalS4_v1/spark(87): CodeIgniter\Boot::bootSpark()
#15 {main}

Next CodeIgniter\Database\Exceptions\DatabaseException: No such file or directory in /home/rovatians/Documents/ITU/S4/SI/finalS4_v1/system/Database/MySQLi/Connection.php:231
Stack trace:
#0 /home/rovatians/Documents/ITU/S4/SI/finalS4_v1/system/Database/BaseConnection.php(555): CodeIgniter\Database\MySQLi\Connection->connect()
#1 /home/rovatians/Documents/ITU/S4/SI/finalS4_v1/system/Database/BaseConnection.php(795): CodeIgniter\Database\BaseConnection->initialize()
#2 /home/rovatians/Documents/ITU/S4/SI/finalS4_v1/system/Database/BaseConnection.php(1706): CodeIgniter\Database\BaseConnection->query()
#3 /home/rovatians/Documents/ITU/S4/SI/finalS4_v1/system/Database/BaseConnection.php(1726): CodeIgniter\Database\BaseConnection->listTables()
#4 /home/rovatians/Documents/ITU/S4/SI/finalS4_v1/system/Database/MigrationRunner.php(821): CodeIgniter\Database\BaseConnection->tableExists()
#5 /home/rovatians/Documents/ITU/S4/SI/finalS4_v1/system/Database/MigrationRunner.php(173): CodeIgniter\Database\MigrationRunner->ensureTable()
#6 /home/rovatians/Documents/ITU/S4/SI/finalS4_v1/system/Commands/Database/Migrate.php(89): CodeIgniter\Database\MigrationRunner->latest()
#7 /home/rovatians/Documents/ITU/S4/SI/finalS4_v1/system/CLI/SignalTrait.php(245): CodeIgniter\Commands\Database\Migrate::CodeIgniter\Commands\Database\{closure}()
#8 /home/rovatians/Documents/ITU/S4/SI/finalS4_v1/system/Commands/Database/Migrate.php(88): CodeIgniter\Commands\Database\Migrate->withSignalsBlocked()
#9 /home/rovatians/Documents/ITU/S4/SI/finalS4_v1/system/CLI/Commands.php(74): CodeIgniter\Commands\Database\Migrate->run()
#10 /home/rovatians/Documents/ITU/S4/SI/finalS4_v1/system/CLI/Console.php(47): CodeIgniter\CLI\Commands->run()
#11 /home/rovatians/Documents/ITU/S4/SI/finalS4_v1/system/Boot.php(442): CodeIgniter\CLI\Console->run()
#12 /home/rovatians/Documents/ITU/S4/SI/finalS4_v1/system/Boot.php(166): CodeIgniter\Boot::runCommand()
#13 /home/rovatians/Documents/ITU/S4/SI/finalS4_v1/spark(87): CodeIgniter\Boot::bootSpark()
#14 {main}
ERROR - 2026-07-20 06:42:08 --> Error connecting to the database: Exception: Unable to open database: unable to open database file in /home/rovatians/Documents/ITU/S4/SI/finalS4_v1/system/Database/SQLite3/Connection.php:111
Stack trace:
#0 /home/rovatians/Documents/ITU/S4/SI/finalS4_v1/system/Database/SQLite3/Connection.php(111): SQLite3->__construct()
#1 /home/rovatians/Documents/ITU/S4/SI/finalS4_v1/system/Database/BaseConnection.php(555): CodeIgniter\Database\SQLite3\Connection->connect()
#2 /home/rovatians/Documents/ITU/S4/SI/finalS4_v1/system/Database/SQLite3/Connection.php(74): CodeIgniter\Database\BaseConnection->initialize()
#3 /home/rovatians/Documents/ITU/S4/SI/finalS4_v1/system/Database/BaseConnection.php(795): CodeIgniter\Database\SQLite3\Connection->initialize()
#4 /home/rovatians/Documents/ITU/S4/SI/finalS4_v1/system/Database/BaseConnection.php(1706): CodeIgniter\Database\BaseConnection->query()
#5 /home/rovatians/Documents/ITU/S4/SI/finalS4_v1/system/Database/BaseConnection.php(1726): CodeIgniter\Database\BaseConnection->listTables()
#6 /home/rovatians/Documents/ITU/S4/SI/finalS4_v1/system/Database/MigrationRunner.php(821): CodeIgniter\Database\BaseConnection->tableExists()
#7 /home/rovatians/Documents/ITU/S4/SI/finalS4_v1/system/Database/MigrationRunner.php(173): CodeIgniter\Database\MigrationRunner->ensureTable()
#8 /home/rovatians/Documents/ITU/S4/SI/finalS4_v1/system/Commands/Database/Migrate.php(89): CodeIgniter\Database\MigrationRunner->latest()
#9 /home/rovatians/Documents/ITU/S4/SI/finalS4_v1/system/CLI/SignalTrait.php(245): CodeIgniter\Commands\Database\Migrate::CodeIgniter\Commands\Database\{closure}()
#10 /home/rovatians/Documents/ITU/S4/SI/finalS4_v1/system/Commands/Database/Migrate.php(88): CodeIgniter\Commands\Database\Migrate->withSignalsBlocked()
#11 /home/rovatians/Documents/ITU/S4/SI/finalS4_v1/system/CLI/Commands.php(74): CodeIgniter\Commands\Database\Migrate->run()
#12 /home/rovatians/Documents/ITU/S4/SI/finalS4_v1/system/CLI/Console.php(47): CodeIgniter\CLI\Commands->run()
#13 /home/rovatians/Documents/ITU/S4/SI/finalS4_v1/system/Boot.php(442): CodeIgniter\CLI\Console->run()
#14 /home/rovatians/Documents/ITU/S4/SI/finalS4_v1/system/Boot.php(166): CodeIgniter\Boot::runCommand()
#15 /home/rovatians/Documents/ITU/S4/SI/finalS4_v1/spark(87): CodeIgniter\Boot::bootSpark()
#16 {main}

Next CodeIgniter\Database\Exceptions\DatabaseException: SQLite3 error: Unable to open database: unable to open database file in /home/rovatians/Documents/ITU/S4/SI/finalS4_v1/system/Database/SQLite3/Connection.php:118
Stack trace:
#0 /home/rovatians/Documents/ITU/S4/SI/finalS4_v1/system/Database/BaseConnection.php(555): CodeIgniter\Database\SQLite3\Connection->connect()
#1 /home/rovatians/Documents/ITU/S4/SI/finalS4_v1/system/Database/SQLite3/Connection.php(74): CodeIgniter\Database\BaseConnection->initialize()
#2 /home/rovatians/Documents/ITU/S4/SI/finalS4_v1/system/Database/BaseConnection.php(795): CodeIgniter\Database\SQLite3\Connection->initialize()
#3 /home/rovatians/Documents/ITU/S4/SI/finalS4_v1/system/Database/BaseConnection.php(1706): CodeIgniter\Database\BaseConnection->query()
#4 /home/rovatians/Documents/ITU/S4/SI/finalS4_v1/system/Database/BaseConnection.php(1726): CodeIgniter\Database\BaseConnection->listTables()
#5 /home/rovatians/Documents/ITU/S4/SI/finalS4_v1/system/Database/MigrationRunner.php(821): CodeIgniter\Database\BaseConnection->tableExists()
#6 /home/rovatians/Documents/ITU/S4/SI/finalS4_v1/system/Database/MigrationRunner.php(173): CodeIgniter\Database\MigrationRunner->ensureTable()
#7 /home/rovatians/Documents/ITU/S4/SI/finalS4_v1/system/Commands/Database/Migrate.php(89): CodeIgniter\Database\MigrationRunner->latest()
#8 /home/rovatians/Documents/ITU/S4/SI/finalS4_v1/system/CLI/SignalTrait.php(245): CodeIgniter\Commands\Database\Migrate::CodeIgniter\Commands\Database\{closure}()
#9 /home/rovatians/Documents/ITU/S4/SI/finalS4_v1/system/Commands/Database/Migrate.php(88): CodeIgniter\Commands\Database\Migrate->withSignalsBlocked()
#10 /home/rovatians/Documents/ITU/S4/SI/finalS4_v1/system/CLI/Commands.php(74): CodeIgniter\Commands\Database\Migrate->run()
#11 /home/rovatians/Documents/ITU/S4/SI/finalS4_v1/system/CLI/Console.php(47): CodeIgniter\CLI\Commands->run()
#12 /home/rovatians/Documents/ITU/S4/SI/finalS4_v1/system/Boot.php(442): CodeIgniter\CLI\Console->run()
#13 /home/rovatians/Documents/ITU/S4/SI/finalS4_v1/system/Boot.php(166): CodeIgniter\Boot::runCommand()
#14 /home/rovatians/Documents/ITU/S4/SI/finalS4_v1/spark(87): CodeIgniter\Boot::bootSpark()
#15 {main}
ERROR - 2026-07-20 06:44:04 --> Error connecting to the database: Exception: Unable to open database: unable to open database file in /home/rovatians/Documents/ITU/S4/SI/finalS4_v1/system/Database/SQLite3/Connection.php:111
Stack trace:
#0 /home/rovatians/Documents/ITU/S4/SI/finalS4_v1/system/Database/SQLite3/Connection.php(111): SQLite3->__construct()
#1 /home/rovatians/Documents/ITU/S4/SI/finalS4_v1/system/Database/BaseConnection.php(555): CodeIgniter\Database\SQLite3\Connection->connect()
#2 /home/rovatians/Documents/ITU/S4/SI/finalS4_v1/system/Database/SQLite3/Connection.php(74): CodeIgniter\Database\BaseConnection->initialize()
#3 /home/rovatians/Documents/ITU/S4/SI/finalS4_v1/system/Database/BaseConnection.php(795): CodeIgniter\Database\SQLite3\Connection->initialize()
#4 /home/rovatians/Documents/ITU/S4/SI/finalS4_v1/system/Database/BaseConnection.php(1706): CodeIgniter\Database\BaseConnection->query()
#5 /home/rovatians/Documents/ITU/S4/SI/finalS4_v1/system/Database/BaseConnection.php(1726): CodeIgniter\Database\BaseConnection->listTables()
#6 /home/rovatians/Documents/ITU/S4/SI/finalS4_v1/system/Database/MigrationRunner.php(821): CodeIgniter\Database\BaseConnection->tableExists()
#7 /home/rovatians/Documents/ITU/S4/SI/finalS4_v1/system/Database/MigrationRunner.php(173): CodeIgniter\Database\MigrationRunner->ensureTable()
#8 /home/rovatians/Documents/ITU/S4/SI/finalS4_v1/system/Commands/Database/Migrate.php(89): CodeIgniter\Database\MigrationRunner->latest()
#9 /home/rovatians/Documents/ITU/S4/SI/finalS4_v1/system/CLI/SignalTrait.php(245): CodeIgniter\Commands\Database\Migrate::CodeIgniter\Commands\Database\{closure}()
#10 /home/rovatians/Documents/ITU/S4/SI/finalS4_v1/system/Commands/Database/Migrate.php(88): CodeIgniter\Commands\Database\Migrate->withSignalsBlocked()
#11 /home/rovatians/Documents/ITU/S4/SI/finalS4_v1/system/CLI/Commands.php(74): CodeIgniter\Commands\Database\Migrate->run()
#12 /home/rovatians/Documents/ITU/S4/SI/finalS4_v1/system/CLI/Console.php(47): CodeIgniter\CLI\Commands->run()
#13 /home/rovatians/Documents/ITU/S4/SI/finalS4_v1/system/Boot.php(442): CodeIgniter\CLI\Console->run()
#14 /home/rovatians/Documents/ITU/S4/SI/finalS4_v1/system/Boot.php(166): CodeIgniter\Boot::runCommand()
#15 /home/rovatians/Documents/ITU/S4/SI/finalS4_v1/spark(87): CodeIgniter\Boot::bootSpark()
#16 {main}

Next CodeIgniter\Database\Exceptions\DatabaseException: SQLite3 error: Unable to open database: unable to open database file in /home/rovatians/Documents/ITU/S4/SI/finalS4_v1/system/Database/SQLite3/Connection.php:118
Stack trace:
#0 /home/rovatians/Documents/ITU/S4/SI/finalS4_v1/system/Database/BaseConnection.php(555): CodeIgniter\Database\SQLite3\Connection->connect()
#1 /home/rovatians/Documents/ITU/S4/SI/finalS4_v1/system/Database/SQLite3/Connection.php(74): CodeIgniter\Database\BaseConnection->initialize()
#2 /home/rovatians/Documents/ITU/S4/SI/finalS4_v1/system/Database/BaseConnection.php(795): CodeIgniter\Database\SQLite3\Connection->initialize()
#3 /home/rovatians/Documents/ITU/S4/SI/finalS4_v1/system/Database/BaseConnection.php(1706): CodeIgniter\Database\BaseConnection->query()
#4 /home/rovatians/Documents/ITU/S4/SI/finalS4_v1/system/Database/BaseConnection.php(1726): CodeIgniter\Database\BaseConnection->listTables()
#5 /home/rovatians/Documents/ITU/S4/SI/finalS4_v1/system/Database/MigrationRunner.php(821): CodeIgniter\Database\BaseConnection->tableExists()
#6 /home/rovatians/Documents/ITU/S4/SI/finalS4_v1/system/Database/MigrationRunner.php(173): CodeIgniter\Database\MigrationRunner->ensureTable()
#7 /home/rovatians/Documents/ITU/S4/SI/finalS4_v1/system/Commands/Database/Migrate.php(89): CodeIgniter\Database\MigrationRunner->latest()
#8 /home/rovatians/Documents/ITU/S4/SI/finalS4_v1/system/CLI/SignalTrait.php(245): CodeIgniter\Commands\Database\Migrate::CodeIgniter\Commands\Database\{closure}()
#9 /home/rovatians/Documents/ITU/S4/SI/finalS4_v1/system/Commands/Database/Migrate.php(88): CodeIgniter\Commands\Database\Migrate->withSignalsBlocked()
#10 /home/rovatians/Documents/ITU/S4/SI/finalS4_v1/system/CLI/Commands.php(74): CodeIgniter\Commands\Database\Migrate->run()
#11 /home/rovatians/Documents/ITU/S4/SI/finalS4_v1/system/CLI/Console.php(47): CodeIgniter\CLI\Commands->run()
#12 /home/rovatians/Documents/ITU/S4/SI/finalS4_v1/system/Boot.php(442): CodeIgniter\CLI\Console->run()
#13 /home/rovatians/Documents/ITU/S4/SI/finalS4_v1/system/Boot.php(166): CodeIgniter\Boot::runCommand()
#14 /home/rovatians/Documents/ITU/S4/SI/finalS4_v1/spark(87): CodeIgniter\Boot::bootSpark()
#15 {main}
